SocialMediaFrontend/build/app/intermediates/manifest_merge_blame_file/debug/manifest-merger-blame-debug-report.txt
1<?xml version="1.0" encoding="utf-8"?>
2<manifest xmlns:android="http://schemas.android.com/apk/res/android"
3    package="com.example.socialmedia"
4    android:versionCode="1"
5    android:versionName="1.0.0" >
6
7    <uses-sdk
8        android:minSdkVersion="21"
9        android:targetSdkVersion="35" />
10    <!--
11         The INTERNET permission is required for development. Specifically,
12         the Flutter tool needs it to communicate with the running application
13         to allow setting breakpoints, to provide hot reload, etc.
14    -->
15    <uses-permission android:name="android.permission.INTERNET" />
15-->src\debug\AndroidManifest.xml:6:5-66
15-->src\debug\AndroidManifest.xml:6:22-64
16    <uses-permission android:name="android.permission.READ_PHONE_STATE" />
16-->src\debug\AndroidManifest.xml:7:5-74
16-->src\debug\AndroidManifest.xml:7:22-72
17    <uses-permission android:name="android.permission.RECORD_AUDIO" />
17-->src\debug\AndroidManifest.xml:8:5-71
17-->src\debug\AndroidManifest.xml:8:22-68
18    <uses-permission android:name="android.permission.CAMERA" />
18-->src\debug\AndroidManifest.xml:9:5-65
18-->src\debug\AndroidManifest.xml:9:22-62
19
20    <uses-feature android:name="android.hardware.camera" />
20-->src\debug\AndroidManifest.xml:10:5-60
20-->src\debug\AndroidManifest.xml:10:19-57
21    <uses-feature android:name="android.hardware.camera.autofocus" />
21-->src\debug\AndroidManifest.xml:11:5-70
21-->src\debug\AndroidManifest.xml:11:19-67
22
23    <uses-permission android:name="android.permission.RECORD_AUDIO" />
23-->src\debug\AndroidManifest.xml:8:5-71
23-->src\debug\AndroidManifest.xml:8:22-68
24    <uses-permission android:name="android.permission.FOREGROUND_SERVICE_CAMERA" />
24-->src\debug\AndroidManifest.xml:13:5-83
24-->src\debug\AndroidManifest.xml:13:22-81
25    <uses-permission android:name="android.permission.FOREGROUND_SERVICE_MICROPHONE" />
25-->src\debug\AndroidManifest.xml:14:5-87
25-->src\debug\AndroidManifest.xml:14:22-85
26    <uses-permission android:name="android.permission.MODIFY_AUDIO_SETTINGS" />
26-->src\debug\AndroidManifest.xml:16:5-80
26-->src\debug\AndroidManifest.xml:16:22-77
27    <uses-permission android:name="android.permission.ACCESS_WIFI_STATE" />
27-->src\debug\AndroidManifest.xml:17:5-76
27-->src\debug\AndroidManifest.xml:17:22-73
28    <uses-permission android:name="android.permission.ACCESS_NETWORK_STATE" />
28-->src\debug\AndroidManifest.xml:18:5-79
28-->src\debug\AndroidManifest.xml:18:22-76
29    <uses-permission android:name="android.permission.BLUETOOTH" />
29-->src\debug\AndroidManifest.xml:19:5-68
29-->src\debug\AndroidManifest.xml:19:22-65
30    <uses-permission android:name="android.permission.BLUETOOTH_ADMIN" />
30-->src\debug\AndroidManifest.xml:20:5-74
30-->src\debug\AndroidManifest.xml:20:22-71
31    <uses-permission android:name="android.permission.BLUETOOTH_CONNECT" />
31-->src\debug\AndroidManifest.xml:21:5-76
31-->src\debug\AndroidManifest.xml:21:22-73
32
33    <!--
34     Required to query activities that can process text, see:
35         https://developer.android.com/training/package-visibility and
36         https://developer.android.com/reference/android/content/Intent#ACTION_PROCESS_TEXT.
37
38         In particular, this is used by the Flutter engine in io.flutter.plugin.text.ProcessTextPlugin.
39    -->
40    <queries>
40-->src\main\AndroidManifest.xml:40:5-45:15
41        <intent>
41-->src\main\AndroidManifest.xml:41:9-44:18
42            <action android:name="android.intent.action.PROCESS_TEXT" />
42-->src\main\AndroidManifest.xml:42:13-72
42-->src\main\AndroidManifest.xml:42:21-70
43
44            <data android:mimeType="text/plain" />
44-->src\main\AndroidManifest.xml:43:13-50
44-->src\main\AndroidManifest.xml:43:19-48
45        </intent>
46        <intent>
46-->[:file_picker] AndroidManifest.xml:8:9-12:18
47            <action android:name="android.intent.action.GET_CONTENT" />
47-->[:file_picker] AndroidManifest.xml:9:13-72
47-->[:file_picker] AndroidManifest.xml:9:21-69
48
49            <data android:mimeType="*/*" />
49-->src\main\AndroidManifest.xml:43:13-50
49-->src\main\AndroidManifest.xml:43:19-48
50        </intent>
51    </queries>
52
53    <uses-feature android:name="android.hardware.camera.any" />
53-->[:camera_android_camerax] AndroidManifest.xml:7:5-64
53-->[:camera_android_camerax] AndroidManifest.xml:7:19-61
54
55    <uses-permission
55-->[:camera_android_camerax] AndroidManifest.xml:11:5-13:38
56        android:name="android.permission.WRITE_EXTERNAL_STORAGE"
56-->[:camera_android_camerax] AndroidManifest.xml:12:9-65
57        android:maxSdkVersion="28" />
57-->[:camera_android_camerax] AndroidManifest.xml:13:9-35
58    <uses-permission android:name="android.permission.READ_EXTERNAL_STORAGE" />
59    <uses-permission android:name="android.permission.WAKE_LOCK" /> <!-- Permissions options for the `notification` group -->
59-->[:firebase_messaging] AndroidManifest.xml:8:5-68
59-->[:firebase_messaging] AndroidManifest.xml:8:22-65
60    <uses-permission android:name="android.permission.POST_NOTIFICATIONS" />
60-->[:firebase_messaging] AndroidManifest.xml:11:5-77
60-->[:firebase_messaging] AndroidManifest.xml:11:22-74
61    <uses-permission android:name="android.permission.VIBRATE" /> <!-- Required by older versions of Google Play services to create IID tokens -->
61-->[:flutter_local_notifications] AndroidManifest.xml:7:5-66
61-->[:flutter_local_notifications] AndroidManifest.xml:7:22-63
62    <uses-permission android:name="com.google.android.c2dm.permission.RECEIVE" />
62-->[com.google.firebase:firebase-messaging:24.1.1] AndroidManifest.xml:26:5-82
62-->[com.google.firebase:firebase-messaging:24.1.1] AndroidManifest.xml:26:22-79
63
64    <permission
64-->[androidx.core:core:1.13.1] AndroidManifest.xml:22:5-24:47
65        android:name="com.example.socialmedia.DYNAMIC_RECEIVER_NOT_EXPORTED_PERMISSION"
65-->[androidx.core:core:1.13.1] AndroidManifest.xml:23:9-81
66        android:protectionLevel="signature" />
66-->[androidx.core:core:1.13.1] AndroidManifest.xml:24:9-44
67
68    <uses-permission android:name="com.example.socialmedia.DYNAMIC_RECEIVER_NOT_EXPORTED_PERMISSION" />
68-->[androidx.core:core:1.13.1] AndroidManifest.xml:26:5-97
68-->[androidx.core:core:1.13.1] AndroidManifest.xml:26:22-94
69    <uses-permission android:name="android.permission.FOREGROUND_SERVICE" />
69-->[io.agora.rtc:full-screen-sharing:4.5.0.1] AndroidManifest.xml:7:5-77
69-->[io.agora.rtc:full-screen-sharing:4.5.0.1] AndroidManifest.xml:7:22-74
70    <uses-permission android:name="android.permission.FOREGROUND_SERVICE_MEDIA_PROJECTION" />
70-->[io.agora.rtc:full-screen-sharing:4.5.0.1] AndroidManifest.xml:8:5-94
70-->[io.agora.rtc:full-screen-sharing:4.5.0.1] AndroidManifest.xml:8:22-91
71
72    <application
73        android:name="android.app.Application"
74        android:appComponentFactory="androidx.core.app.CoreComponentFactory"
74-->[androidx.core:core:1.13.1] AndroidManifest.xml:28:18-86
75        android:debuggable="true"
76        android:extractNativeLibs="true"
77        android:icon="@mipmap/ic_launcher"
78        android:label="BondBridge" >
79        <activity
80            android:name="com.example.socialmedia.MainActivity"
81            android:configChanges="orientation|keyboardHidden|keyboard|screenSize|smallestScreenSize|locale|layoutDirection|fontScale|screenLayout|density|uiMode"
82            android:exported="true"
83            android:hardwareAccelerated="true"
84            android:launchMode="singleTop"
85            android:screenOrientation="portrait"
86            android:taskAffinity=""
87            android:theme="@style/LaunchTheme"
88            android:windowSoftInputMode="adjustResize" >
89
90            <!--
91                 Specifies an Android theme to apply to this Activity as soon as
92                 the Android process has started. This theme is visible to the user
93                 while the Flutter UI initializes. After that, this theme continues
94                 to determine the Window background behind the Flutter UI.
95            -->
96            <meta-data
97                android:name="io.flutter.embedding.android.NormalTheme"
98                android:resource="@style/NormalTheme" />
99
100            <intent-filter>
101                <action android:name="android.intent.action.MAIN" />
102
103                <category android:name="android.intent.category.LAUNCHER" />
104            </intent-filter>
105        </activity>
106        <!--
107             Don't delete the meta-data below.
108             This is used by the Flutter tool to generate GeneratedPluginRegistrant.java
109        -->
110        <meta-data
111            android:name="flutterEmbedding"
112            android:value="2" />
113
114        <service
114-->[androidx.camera:camera-camera2:1.4.1] AndroidManifest.xml:24:9-33:19
115            android:name="androidx.camera.core.impl.MetadataHolderService"
115-->[androidx.camera:camera-camera2:1.4.1] AndroidManifest.xml:25:13-75
116            android:enabled="false"
116-->[androidx.camera:camera-camera2:1.4.1] AndroidManifest.xml:26:13-36
117            android:exported="false" >
117-->[androidx.camera:camera-camera2:1.4.1] AndroidManifest.xml:27:13-37
118            <meta-data
118-->[androidx.camera:camera-camera2:1.4.1] AndroidManifest.xml:30:13-32:89
119                android:name="androidx.camera.core.impl.MetadataHolderService.DEFAULT_CONFIG_PROVIDER"
119-->[androidx.camera:camera-camera2:1.4.1] AndroidManifest.xml:31:17-103
120                android:value="androidx.camera.camera2.Camera2Config$DefaultProvider" />
120-->[androidx.camera:camera-camera2:1.4.1] AndroidManifest.xml:32:17-86
121        </service>
122        <service
122-->[:firebase_messaging] AndroidManifest.xml:14:9-17:72
123            android:name="io.flutter.plugins.firebase.messaging.FlutterFirebaseMessagingBackgroundService"
123-->[:firebase_messaging] AndroidManifest.xml:15:13-107
124            android:exported="false"
124-->[:firebase_messaging] AndroidManifest.xml:16:13-37
125            android:permission="android.permission.BIND_JOB_SERVICE" />
125-->[:firebase_messaging] AndroidManifest.xml:17:13-69
126        <service
126-->[:firebase_messaging] AndroidManifest.xml:18:9-24:19
127            android:name="io.flutter.plugins.firebase.messaging.FlutterFirebaseMessagingService"
127-->[:firebase_messaging] AndroidManifest.xml:19:13-97
128            android:exported="false" >
128-->[:firebase_messaging] AndroidManifest.xml:20:13-37
129            <intent-filter>
129-->[:firebase_messaging] AndroidManifest.xml:21:13-23:29
130                <action android:name="com.google.firebase.MESSAGING_EVENT" />
130-->[:firebase_messaging] AndroidManifest.xml:22:17-78
130-->[:firebase_messaging] AndroidManifest.xml:22:25-75
131            </intent-filter>
132        </service>
133
134        <receiver
134-->[:firebase_messaging] AndroidManifest.xml:26:9-33:20
135            android:name="io.flutter.plugins.firebase.messaging.FlutterFirebaseMessagingReceiver"
135-->[:firebase_messaging] AndroidManifest.xml:27:13-98
136            android:exported="true"
136-->[:firebase_messaging] AndroidManifest.xml:28:13-36
137            android:permission="com.google.android.c2dm.permission.SEND" >
137-->[:firebase_messaging] AndroidManifest.xml:29:13-73
138            <intent-filter>
138-->[:firebase_messaging] AndroidManifest.xml:30:13-32:29
139                <action android:name="com.google.android.c2dm.intent.RECEIVE" />
139-->[:firebase_messaging] AndroidManifest.xml:31:17-81
139-->[:firebase_messaging] AndroidManifest.xml:31:25-78
140            </intent-filter>
141        </receiver>
142
143        <service
143-->[:firebase_messaging] AndroidManifest.xml:35:9-39:19
144            android:name="com.google.firebase.components.ComponentDiscoveryService"
144-->[:firebase_messaging] AndroidManifest.xml:35:18-89
145            android:directBootAware="true"
145-->[com.google.firebase:firebase-common:21.0.0] AndroidManifest.xml:32:13-43
146            android:exported="false" >
146-->[com.google.firebase:firebase-messaging:24.1.1] AndroidManifest.xml:56:13-37
147            <meta-data
147-->[:firebase_messaging] AndroidManifest.xml:36:13-38:85
148                android:name="com.google.firebase.components:io.flutter.plugins.firebase.messaging.FlutterFirebaseAppRegistrar"
148-->[:firebase_messaging] AndroidManifest.xml:37:17-128
149                android:value="com.google.firebase.components.ComponentRegistrar" />
149-->[:firebase_messaging] AndroidManifest.xml:38:17-82
150            <meta-data
150-->[:firebase_core] AndroidManifest.xml:9:13-11:85
151                android:name="com.google.firebase.components:io.flutter.plugins.firebase.core.FlutterFirebaseCoreRegistrar"
151-->[:firebase_core] AndroidManifest.xml:10:17-124
152                android:value="com.google.firebase.components.ComponentRegistrar" />
152-->[:firebase_core] AndroidManifest.xml:11:17-82
153            <meta-data
153-->[com.google.firebase:firebase-messaging:24.1.1] AndroidManifest.xml:57:13-59:85
154                android:name="com.google.firebase.components:com.google.firebase.messaging.FirebaseMessagingKtxRegistrar"
154-->[com.google.firebase:firebase-messaging:24.1.1] AndroidManifest.xml:58:17-122
155                android:value="com.google.firebase.components.ComponentRegistrar" />
155-->[com.google.firebase:firebase-messaging:24.1.1] AndroidManifest.xml:59:17-82
156            <meta-data
156-->[com.google.firebase:firebase-messaging:24.1.1] AndroidManifest.xml:60:13-62:85
157                android:name="com.google.firebase.components:com.google.firebase.messaging.FirebaseMessagingRegistrar"
157-->[com.google.firebase:firebase-messaging:24.1.1] AndroidManifest.xml:61:17-119
158                android:value="com.google.firebase.components.ComponentRegistrar" />
158-->[com.google.firebase:firebase-messaging:24.1.1] AndroidManifest.xml:62:17-82
159            <meta-data
159-->[com.google.firebase:firebase-installations:18.0.0] AndroidManifest.xml:15:13-17:85
160                android:name="com.google.firebase.components:com.google.firebase.installations.FirebaseInstallationsKtxRegistrar"
160-->[com.google.firebase:firebase-installations:18.0.0] AndroidManifest.xml:16:17-130
161                android:value="com.google.firebase.components.ComponentRegistrar" />
161-->[com.google.firebase:firebase-installations:18.0.0] AndroidManifest.xml:17:17-82
162            <meta-data
162-->[com.google.firebase:firebase-installations:18.0.0] AndroidManifest.xml:18:13-20:85
163                android:name="com.google.firebase.components:com.google.firebase.installations.FirebaseInstallationsRegistrar"
163-->[com.google.firebase:firebase-installations:18.0.0] AndroidManifest.xml:19:17-127
164                android:value="com.google.firebase.components.ComponentRegistrar" />
164-->[com.google.firebase:firebase-installations:18.0.0] AndroidManifest.xml:20:17-82
165            <meta-data
165-->[com.google.firebase:firebase-common-ktx:21.0.0] AndroidManifest.xml:12:13-14:85
166                android:name="com.google.firebase.components:com.google.firebase.ktx.FirebaseCommonLegacyRegistrar"
166-->[com.google.firebase:firebase-common-ktx:21.0.0] AndroidManifest.xml:13:17-116
167                android:value="com.google.firebase.components.ComponentRegistrar" />
167-->[com.google.firebase:firebase-common-ktx:21.0.0] AndroidManifest.xml:14:17-82
168            <meta-data
168-->[com.google.firebase:firebase-common:21.0.0] AndroidManifest.xml:35:13-37:85
169                android:name="com.google.firebase.components:com.google.firebase.FirebaseCommonKtxRegistrar"
169-->[com.google.firebase:firebase-common:21.0.0] AndroidManifest.xml:36:17-109
170                android:value="com.google.firebase.components.ComponentRegistrar" />
170-->[com.google.firebase:firebase-common:21.0.0] AndroidManifest.xml:37:17-82
171            <meta-data
171-->[com.google.firebase:firebase-datatransport:18.2.0] AndroidManifest.xml:25:13-27:85
172                android:name="com.google.firebase.components:com.google.firebase.datatransport.TransportRegistrar"
172-->[com.google.firebase:firebase-datatransport:18.2.0] AndroidManifest.xml:26:17-115
173                android:value="com.google.firebase.components.ComponentRegistrar" />
173-->[com.google.firebase:firebase-datatransport:18.2.0] AndroidManifest.xml:27:17-82
174        </service>
175
176        <provider
176-->[:firebase_messaging] AndroidManifest.xml:41:9-45:38
177            android:name="io.flutter.plugins.firebase.messaging.FlutterFirebaseMessagingInitProvider"
177-->[:firebase_messaging] AndroidManifest.xml:42:13-102
178            android:authorities="com.example.socialmedia.flutterfirebasemessaginginitprovider"
178-->[:firebase_messaging] AndroidManifest.xml:43:13-88
179            android:exported="false"
179-->[:firebase_messaging] AndroidManifest.xml:44:13-37
180            android:initOrder="99" />
180-->[:firebase_messaging] AndroidManifest.xml:45:13-35
181        <provider
181-->[:image_picker_android] AndroidManifest.xml:9:9-17:20
182            android:name="io.flutter.plugins.imagepicker.ImagePickerFileProvider"
182-->[:image_picker_android] AndroidManifest.xml:10:13-82
183            android:authorities="com.example.socialmedia.flutter.image_provider"
183-->[:image_picker_android] AndroidManifest.xml:11:13-74
184            android:exported="false"
184-->[:image_picker_android] AndroidManifest.xml:12:13-37
185            android:grantUriPermissions="true" >
185-->[:image_picker_android] AndroidManifest.xml:13:13-47
186            <meta-data
186-->[:image_picker_android] AndroidManifest.xml:14:13-16:75
187                android:name="android.support.FILE_PROVIDER_PATHS"
187-->[:image_picker_android] AndroidManifest.xml:15:17-67
188                android:resource="@xml/flutter_image_picker_file_paths" />
188-->[:image_picker_android] AndroidManifest.xml:16:17-72
189        </provider> <!-- Trigger Google Play services to install the backported photo picker module. -->
190        <service
190-->[:image_picker_android] AndroidManifest.xml:19:9-31:19
191            android:name="com.google.android.gms.metadata.ModuleDependencies"
191-->[:image_picker_android] AndroidManifest.xml:20:13-78
192            android:enabled="false"
192-->[:image_picker_android] AndroidManifest.xml:21:13-36
193            android:exported="false" >
193-->[:image_picker_android] AndroidManifest.xml:22:13-37
194            <intent-filter>
194-->[:image_picker_android] AndroidManifest.xml:24:13-26:29
195                <action android:name="com.google.android.gms.metadata.MODULE_DEPENDENCIES" />
195-->[:image_picker_android] AndroidManifest.xml:25:17-94
195-->[:image_picker_android] AndroidManifest.xml:25:25-91
196            </intent-filter>
197
198            <meta-data
198-->[:image_picker_android] AndroidManifest.xml:28:13-30:36
199                android:name="photopicker_activity:0:required"
199-->[:image_picker_android] AndroidManifest.xml:29:17-63
200                android:value="" />
200-->[:image_picker_android] AndroidManifest.xml:30:17-33
201        </service>
202
203        <receiver
203-->[com.google.firebase:firebase-messaging:24.1.1] AndroidManifest.xml:29:9-40:20
204            android:name="com.google.firebase.iid.FirebaseInstanceIdReceiver"
204-->[com.google.firebase:firebase-messaging:24.1.1] AndroidManifest.xml:30:13-78
205            android:exported="true"
205-->[com.google.firebase:firebase-messaging:24.1.1] AndroidManifest.xml:31:13-36
206            android:permission="com.google.android.c2dm.permission.SEND" >
206-->[com.google.firebase:firebase-messaging:24.1.1] AndroidManifest.xml:32:13-73
207            <intent-filter>
207-->[:firebase_messaging] AndroidManifest.xml:30:13-32:29
208                <action android:name="com.google.android.c2dm.intent.RECEIVE" />
208-->[:firebase_messaging] AndroidManifest.xml:31:17-81
208-->[:firebase_messaging] AndroidManifest.xml:31:25-78
209            </intent-filter>
210
211            <meta-data
211-->[com.google.firebase:firebase-messaging:24.1.1] AndroidManifest.xml:37:13-39:40
212                android:name="com.google.android.gms.cloudmessaging.FINISHED_AFTER_HANDLED"
212-->[com.google.firebase:firebase-messaging:24.1.1] AndroidManifest.xml:38:17-92
213                android:value="true" />
213-->[com.google.firebase:firebase-messaging:24.1.1] AndroidManifest.xml:39:17-37
214        </receiver>
215        <!--
216             FirebaseMessagingService performs security checks at runtime,
217             but set to not exported to explicitly avoid allowing another app to call it.
218        -->
219        <service
219-->[com.google.firebase:firebase-messaging:24.1.1] AndroidManifest.xml:46:9-53:19
220            android:name="com.google.firebase.messaging.FirebaseMessagingService"
220-->[com.google.firebase:firebase-messaging:24.1.1] AndroidManifest.xml:47:13-82
221            android:directBootAware="true"
221-->[com.google.firebase:firebase-messaging:24.1.1] AndroidManifest.xml:48:13-43
222            android:exported="false" >
222-->[com.google.firebase:firebase-messaging:24.1.1] AndroidManifest.xml:49:13-37
223            <intent-filter android:priority="-500" >
223-->[:firebase_messaging] AndroidManifest.xml:21:13-23:29
224                <action android:name="com.google.firebase.MESSAGING_EVENT" />
224-->[:firebase_messaging] AndroidManifest.xml:22:17-78
224-->[:firebase_messaging] AndroidManifest.xml:22:25-75
225            </intent-filter>
226        </service>
227
228        <provider
228-->[com.google.firebase:firebase-common:21.0.0] AndroidManifest.xml:23:9-28:39
229            android:name="com.google.firebase.provider.FirebaseInitProvider"
229-->[com.google.firebase:firebase-common:21.0.0] AndroidManifest.xml:24:13-77
230            android:authorities="com.example.socialmedia.firebaseinitprovider"
230-->[com.google.firebase:firebase-common:21.0.0] AndroidManifest.xml:25:13-72
231            android:directBootAware="true"
231-->[com.google.firebase:firebase-common:21.0.0] AndroidManifest.xml:26:13-43
232            android:exported="false"
232-->[com.google.firebase:firebase-common:21.0.0] AndroidManifest.xml:27:13-37
233            android:initOrder="100" />
233-->[com.google.firebase:firebase-common:21.0.0] AndroidManifest.xml:28:13-36
234
235        <activity
235-->[com.google.android.gms:play-services-base:18.1.0] AndroidManifest.xml:20:9-22:45
236            android:name="com.google.android.gms.common.api.GoogleApiActivity"
236-->[com.google.android.gms:play-services-base:18.1.0] AndroidManifest.xml:20:19-85
237            android:exported="false"
237-->[com.google.android.gms:play-services-base:18.1.0] AndroidManifest.xml:22:19-43
238            android:theme="@android:style/Theme.Translucent.NoTitleBar" />
238-->[com.google.android.gms:play-services-base:18.1.0] AndroidManifest.xml:21:19-78
239
240        <uses-library
240-->[androidx.window:window:1.2.0] AndroidManifest.xml:23:9-25:40
241            android:name="androidx.window.extensions"
241-->[androidx.window:window:1.2.0] AndroidManifest.xml:24:13-54
242            android:required="false" />
242-->[androidx.window:window:1.2.0] AndroidManifest.xml:25:13-37
243        <uses-library
243-->[androidx.window:window:1.2.0] AndroidManifest.xml:26:9-28:40
244            android:name="androidx.window.sidecar"
244-->[androidx.window:window:1.2.0] AndroidManifest.xml:27:13-51
245            android:required="false" />
245-->[androidx.window:window:1.2.0] AndroidManifest.xml:28:13-37
246
247        <provider
247-->[androidx.lifecycle:lifecycle-process:2.7.0] AndroidManifest.xml:24:9-32:20
248            android:name="androidx.startup.InitializationProvider"
248-->[androidx.lifecycle:lifecycle-process:2.7.0] AndroidManifest.xml:25:13-67
249            android:authorities="com.example.socialmedia.androidx-startup"
249-->[androidx.lifecycle:lifecycle-process:2.7.0] AndroidManifest.xml:26:13-68
250            android:exported="false" >
250-->[androidx.lifecycle:lifecycle-process:2.7.0] AndroidManifest.xml:27:13-37
251            <meta-data
251-->[androidx.lifecycle:lifecycle-process:2.7.0] AndroidManifest.xml:29:13-31:52
252                android:name="androidx.lifecycle.ProcessLifecycleInitializer"
252-->[androidx.lifecycle:lifecycle-process:2.7.0] AndroidManifest.xml:30:17-78
253                android:value="androidx.startup" />
253-->[androidx.lifecycle:lifecycle-process:2.7.0] AndroidManifest.xml:31:17-49
254            <meta-data
254-->[androidx.profileinstaller:profileinstaller:1.3.1] AndroidManifest.xml:29:13-31:52
255                android:name="androidx.profileinstaller.ProfileInstallerInitializer"
255-->[androidx.profileinstaller:profileinstaller:1.3.1] AndroidManifest.xml:30:17-85
256                android:value="androidx.startup" />
256-->[androidx.profileinstaller:profileinstaller:1.3.1] AndroidManifest.xml:31:17-49
257        </provider>
258
259        <meta-data
259-->[com.google.android.gms:play-services-basement:18.3.0] AndroidManifest.xml:21:9-23:69
260            android:name="com.google.android.gms.version"
260-->[com.google.android.gms:play-services-basement:18.3.0] AndroidManifest.xml:22:13-58
261            android:value="@integer/google_play_services_version" />
261-->[com.google.android.gms:play-services-basement:18.3.0] AndroidManifest.xml:23:13-66
262
263        <receiver
263-->[androidx.profileinstaller:profileinstaller:1.3.1] AndroidManifest.xml:34:9-52:20
264            android:name="androidx.profileinstaller.ProfileInstallReceiver"
264-->[androidx.profileinstaller:profileinstaller:1.3.1] AndroidManifest.xml:35:13-76
265            android:directBootAware="false"
265-->[androidx.profileinstaller:profileinstaller:1.3.1] AndroidManifest.xml:36:13-44
266            android:enabled="true"
266-->[androidx.profileinstaller:profileinstaller:1.3.1] AndroidManifest.xml:37:13-35
267            android:exported="true"
267-->[androidx.profileinstaller:profileinstaller:1.3.1] AndroidManifest.xml:38:13-36
268            android:permission="android.permission.DUMP" >
268-->[androidx.profileinstaller:profileinstaller:1.3.1] AndroidManifest.xml:39:13-57
269            <intent-filter>
269-->[androidx.profileinstaller:profileinstaller:1.3.1] AndroidManifest.xml:40:13-42:29
270                <action android:name="androidx.profileinstaller.action.INSTALL_PROFILE" />
270-->[androidx.profileinstaller:profileinstaller:1.3.1] AndroidManifest.xml:41:17-91
270-->[androidx.profileinstaller:profileinstaller:1.3.1] AndroidManifest.xml:41:25-88
271            </intent-filter>
272            <intent-filter>
272-->[androidx.profileinstaller:profileinstaller:1.3.1] AndroidManifest.xml:43:13-45:29
273                <action android:name="androidx.profileinstaller.action.SKIP_FILE" />
273-->[androidx.profileinstaller:profileinstaller:1.3.1] AndroidManifest.xml:44:17-85
273-->[androidx.profileinstaller:profileinstaller:1.3.1] AndroidManifest.xml:44:25-82
274            </intent-filter>
275            <intent-filter>
275-->[androidx.profileinstaller:profileinstaller:1.3.1] AndroidManifest.xml:46:13-48:29
276                <action android:name="androidx.profileinstaller.action.SAVE_PROFILE" />
276-->[androidx.profileinstaller:profileinstaller:1.3.1] AndroidManifest.xml:47:17-88
276-->[androidx.profileinstaller:profileinstaller:1.3.1] AndroidManifest.xml:47:25-85
277            </intent-filter>
278            <intent-filter>
278-->[androidx.profileinstaller:profileinstaller:1.3.1] AndroidManifest.xml:49:13-51:29
279                <action android:name="androidx.profileinstaller.action.BENCHMARK_OPERATION" />
279-->[androidx.profileinstaller:profileinstaller:1.3.1] AndroidManifest.xml:50:17-95
279-->[androidx.profileinstaller:profileinstaller:1.3.1] AndroidManifest.xml:50:25-92
280            </intent-filter>
281        </receiver>
282
283        <service
283-->[com.google.android.datatransport:transport-backend-cct:3.1.9] AndroidManifest.xml:28:9-34:19
284            android:name="com.google.android.datatransport.runtime.backends.TransportBackendDiscovery"
284-->[com.google.android.datatransport:transport-backend-cct:3.1.9] AndroidManifest.xml:29:13-103
285            android:exported="false" >
285-->[com.google.android.datatransport:transport-backend-cct:3.1.9] AndroidManifest.xml:30:13-37
286            <meta-data
286-->[com.google.android.datatransport:transport-backend-cct:3.1.9] AndroidManifest.xml:31:13-33:39
287                android:name="backend:com.google.android.datatransport.cct.CctBackendFactory"
287-->[com.google.android.datatransport:transport-backend-cct:3.1.9] AndroidManifest.xml:32:17-94
288                android:value="cct" />
288-->[com.google.android.datatransport:transport-backend-cct:3.1.9] AndroidManifest.xml:33:17-36
289        </service>
290        <service
290-->[com.google.android.datatransport:transport-runtime:3.1.9] AndroidManifest.xml:26:9-30:19
291            android:name="com.google.android.datatransport.runtime.scheduling.jobscheduling.JobInfoSchedulerService"
291-->[com.google.android.datatransport:transport-runtime:3.1.9] AndroidManifest.xml:27:13-117
292            android:exported="false"
292-->[com.google.android.datatransport:transport-runtime:3.1.9] AndroidManifest.xml:28:13-37
293            android:permission="android.permission.BIND_JOB_SERVICE" >
293-->[com.google.android.datatransport:transport-runtime:3.1.9] AndroidManifest.xml:29:13-69
294        </service>
295
296        <receiver
296-->[com.google.android.datatransport:transport-runtime:3.1.9] AndroidManifest.xml:32:9-34:40
297            android:name="com.google.android.datatransport.runtime.scheduling.jobscheduling.AlarmManagerSchedulerBroadcastReceiver"
297-->[com.google.android.datatransport:transport-runtime:3.1.9] AndroidManifest.xml:33:13-132